debian (master ✗)# dpkg --clear-selections
debian (master ✗)# dpkg --set-selections < installed_packages.crouton
debian (master ✗)# dselect remove
running dpkg --pending --remove ...

(Reading database ... 155370 files and directories currently installed.)
Removing vdpau-driver-all:amd64 (1.1.1-8) ...
Removing pulseaudio (12.0-1) ...
Removing xfce4-goodies (4.12.4) ...
Removing libasound2-dev:amd64 (1.1.6-1) ...
Removing xfce4-xkb-plugin (1:0.8.1-1) ...
Removing xfce4-power-manager-plugins (1.6.1-1) ...
Removing pavucontrol (3.0-4) ...
Removing xfce4-genmon-plugin (4.0.1-1) ...
Removing libwnck-3-0:amd64 (3.24.1-2) ...
Removing xfburn (0.5.5-1) ...
Removing libperlio-gzip-perl (0.19-1+b4) ...
Removing xfce4-smartbookmark-plugin (0.4.6-2) ...
Removing libvdpau-va-gl1:amd64 (0.4.2-1+b1) ...
Removing pulseaudio-utils (12.0-1) ...
Removing xfce4-dict (0.8.0-1) ...
Removing xfce4-places-plugin (1.7.0-3) ...
Removing xfce4-systemload-plugin (1.1.2-1+b1) ...
Removing libcanberra-gtk3-module:amd64 (0.30-6) ...
Removing libgtkmm-3.0-1v5:amd64 (3.22.2-2) ...
Removing libdigest-bubblebabble-perl (0.02-2) ...
Removing xarchiver (1:0.5.4.13-1) ...
Removing xfce4-screenshooter (1.9.3-1) ...
Removing libwebrtc-audio-processing1:amd64 (0.3-1) ...
Removing mesa-vdpau-drivers:amd64 (18.1.6-1) ...
Removing libasound2-plugins:amd64 (1.1.6-1+b1) ...
dpkg: warning: while removing libasound2-plugins:amd64, directory
'/usr/lib/x86_64-linux-gnu/alsa-lib' not empty so not removed
Removing ristretto (0.8.3-1) ...
Removing xfce4-diskperf-plugin (2.6.1-1) ...
Removing tango-icon-theme (0.8.90-7) ...
Removing mousepad (0.4.1-1) ...
Removing libavresample4:amd64 (7:4.0.2-1+b1) ...
Removing xfce4-battery-plugin (1.1.0-1) ...
Removing libpangomm-1.4-1v5:amd64 (2.40.1-4) ...
Removing libcgi-fast-perl (1:2.13-1) ...
Removing libasound2:i386 (1.1.6-1) ...
Removing xfce4-fsguard-plugin (1.1.0-1) ...
Removing p7zip-full (16.02+dfsg-6) ...
Removing netsurf-gtk (3.6-3.2) ...
Removing libburn4:amd64 (1.4.8-1) ...
Removing xfce4-power-manager (1.6.1-1) ...
Removing xfce4-verve-plugin (2.0.0-1) ...
Removing thunar-volman (0.8.1-2) ...
Removing libnet-dns-sec-perl (1.09-1) ...
Removing xfce4-whiskermenu-plugin (2.2.0-1) ...
Removing alsa-utils (1.1.6-1) ...
Removing lm-sensors (1:3.4.0-4) ...
Removing xfce4-cpugraph-plugin (1.0.5-1+b1) ...
Removing policykit-1-gnome (0.105-7) ...
Removing xfce4-mount-plugin (1.1.3-1) ...
Removing va-driver-all:amd64 (2.2.0-1) ...
Removing xfce4-weather-plugin (0.8.10-1) ...
Removing mesa-va-drivers:amd64 (18.1.6-1) ...
Removing p7zip (16.02+dfsg-6) ...
Removing xfce4-clipman-plugin (2:1.4.2-1) ...
Removing rtkit (0.11-6) ...
Removing xfce4-cpufreq-plugin (1.2.0-1) ...
Removing xfce4-datetime-plugin (0.7.0-1) ...
Removing crouton-xserver-xorg-legacy (0) ...
Removing thunar-media-tags-plugin (0.3.0-1) ...
Removing xfce4-sensors-plugin (1.3.0-1) ...
Removing lintian (2.5.97) ...
Removing thunar-archive-plugin (0.4.0-1) ...
Removing libclone-perl (0.39-1) ...
Removing libcanberra-gtk3-0:amd64 (0.30-6) ...
Removing xfce4-timer-plugin (1.7.0-1) ...
Removing libfftw3-single3:amd64 (3.3.8-1) ...
Removing libparse-debianchangelog-perl (1.2.0-12) ...
Removing libisofs6:amd64 (1.4.8-1) ...
Removing libjte1 (1.20-2+b1) ...
Removing xfce4-mailwatch-plugin (1.2.0-2+b2) ...
Removing xfce4-taskmanager (1.1.0-1) ...
Removing libyaml-libyaml-perl (0.72+repack-1) ...
Removing xfce4-wavelan-plugin (0.6.0-1) ...
Removing xfce4 (4.12.4) ...
Removing gdebi (0.9.5.7+nmu2) ...
Removing libfcgi-perl (0.78-2+b2) ...
Removing xfce4-power-manager-data (1.6.1-1) ...
Removing libclass-accessor-perl (0.51-1) ...
Removing xfce4-notes-plugin (1.8.1-1) ...
Removing xfce4-clipman (2:1.4.2-1) ...
Removing libatkmm-1.6-1v5:amd64 (2.24.2-3) ...
Removing libgtk2-perl (2:1.24992-1+b1) ...
Removing xfce4-netload-plugin (1.3.1-1) ...
Removing liblist-moreutils-perl (0.416-1+b3) ...
Removing libavcodec58:amd64 (7:4.0.2-1+b1) ...
Removing libcairomm-1.0-1v5:amd64 (1.12.2-3) ...
Removing libtagc0:amd64 (1.11.1+dfsg.1-0.2+b1) ...
Removing libwnck-3-common (3.24.1-2) ...
Removing libx264-152:amd64 (2:0.152.2854+gite9a5903-2+b1) ...
Removing libgtksourceview-3.0-1:amd64 (3.24.8-1) ...
Removing libemail-valid-perl (1.202-1) ...
Removing libapt-pkg-perl (0.1.34) ...
Removing libswresample3:amd64 (7:4.0.2-1+b1) ...
Removing libpulsedsp:amd64 (12.0-1) ...
Removing libtext-levenshtein-perl (0.13-1) ...
Removing libcanberra0:amd64 (0.30-6) ...
Removing xfce4-pulseaudio-plugin:amd64 (0.4.1-1) ...
Removing gir1.2-vte-2.91:amd64 (0.52.2-1) ...
Removing netsurf-common (3.6-3.2) ...
Removing libavutil56:amd64 (7:4.0.2-1+b1) ...
Removing libfile-basedir-perl (0.08-1) ...
Removing libsoxr0:amd64 (0.1.2-3) ...
Removing libexporter-tiny-perl (1.002001-1) ...
Removing xfce4-notes (1.8.1-1) ...
Removing libvdpau1:amd64 (1.1.1-8) ...
Removing gdebi-core (0.9.5.7+nmu2) ...
Removing libshine3:amd64 (3.1.1-2) ...
Removing libgtksourceview-3.0-common (3.24.8-1) ...
Removing python3-gi (3.28.3-1) ...
Removing libnet-dns-perl (1.17-1) ...
Removing libxvidcore4:amd64 (2:1.3.5-1) ...
Removing libunique-1.0-0 (1.1.6-6) ...
Removing libqrencode3:amd64 (3.4.4-1+b2) ...
Removing libxfce4ui-utils (4.12.1-3) ...
Removing libx265-160:amd64 (2.8-4) ...
Removing i965-va-driver:amd64 (2.0.0+dfsg1-1) ...
Removing libxml-simple-perl (2.25-1) ...
Removing libcrystalhd3:amd64 (1:0.0~git20110715.fdd2f19-13) ...
Removing libcodec2-0.8.1:amd64 (0.8.1-1) ...
Removing patchutils (0.3.4-2) ...
Removing orage (4.12.1-4) ...
Removing libwebpmux3:amd64 (0.6.1-2) ...
Removing libsnappy1v5:amd64 (1.1.7-1) ...
Removing thunar (1.8.1-1) ...
Removing libva-drm2:amd64 (2.2.0-1) ...
Removing libipc-run-perl (20180523.0-1) ...
Removing libcgi-pm-perl (4.40-1) ...
Removing xfce4-appfinder (4.12.0-2) ...
Removing libio-string-perl (1.08-3) ...
Removing libical3:amd64 (3.0.3-1) ...
Removing libglibmm-2.4-1v5:amd64 (2.56.0-2) ...
Removing libzvbi0:amd64 (0.2.35-13) ...
Removing libva-x11-2:amd64 (2.2.0-1) ...
Removing gtk2-engines-xfce (3.2.0-3) ...
Removing libpango-perl (1.227-2+b1) ...
Removing libsigc++-2.0-0v5:amd64 (2.10.0-2) ...
Removing libgsm1:amd64 (1.0.13-4+b2) ...
Removing python3-debian (0.1.33) ...
Removing libkeybinder-3.0-0:amd64 (0.3.2-1) ...
Removing libvorbisfile3:amd64 (1.3.6-1) ...
Removing libnet-domain-tld-perl (1.75-1) ...
Removing libglib-perl (3:1.327-1) ...
Removing libthunarx-3-0 (1.8.1-1) ...
Removing libtdb1:amd64 (1.3.15-4) ...
Removing libpulse-mainloop-glib0:amd64 (12.0-1) ...
Removing python3-apt (1.6.2) ...
Removing libcairo-perl (1.106-2+b1) ...
Removing sound-theme-freedesktop (0.8-2) ...
Removing libio-pty-perl (1:1.08-1.1+b4) ...
Removing libnet-ip-perl (1.26-1) ...
Removing libnuma1:amd64 (2.0.11-2.2) ...
Removing python3-six (1.11.0-2) ...
Removing libva2:amd64 (2.2.0-1) ...
Removing python3-chardet (3.0.4-1) ...
Removing libzvbi-common (0.2.35-13) ...
Processing triggers for man-db (2.8.4-2) ...
Processing triggers for desktop-file-utils (0.23-3) ...
Processing triggers for mime-support (3.61) ...
Processing triggers for libc-bin (2.27-5) ...
Processing triggers for hicolor-icon-theme (0.17-2) ...
Processing triggers for doc-base (0.10.8) ...
Processing 3 removed doc-base files...
Processing triggers for libglib2.0-0:amd64 (2.56.1-2) ...
Processing triggers for dbus (1.12.10-1) ...

debian (master ✗)# dselect update

Hit:1 http://cdn-fastly.deb.debian.org/debian sid InRelease
Reading package lists... Done
Merging available information
Replacing available packages info, using /var/cache/apt/available.
Information about 90565 packages was updated.
